<?xml version="1.0" encoding="UTF-8"?>
<!-- Generated by org.testng.reporters.JUnitXMLReporter -->
<testsuite ignored="0" hostname="DESKTOP-OQ9VIQI" failures="0" tests="17" name="Test" time="86.892" errors="0" timestamp="2022-08-06T21:01:07 IST">
  <testcase classname="testNG.BasicClass2" name="Login" time="22.078"/>
  <testcase classname="testNG.BasicClass2" name="Login" time="25.805"/>
  <testcase classname="testNG.BasicClass2" name="Login" time="12.423"/>
  <testcase classname="testNG.BasicClass2" name="Login" time="13.099"/>
  <testcase classname="testNG.BasicClass2" name="Login" time="4.767"/>
  <testcase classname="testNG.BasicClass2" name="Login" time="9.588"/>
  <testcase classname="testNG.BasicClass3" name="Login" time="10.74"/>
  <testcase classname="testNG.BasicClass3" name="Login" time="14.9"/>
  <testcase classname="testNG.BasicClass3" name="Login" time="7.413"/>
  <testcase classname="testNG.BasicClass3" name="Login" time="8.729"/>
  <testcase classname="testNG.BasicClass3" name="Login" time="7.761"/>
  <testcase classname="testNG.BasicClass3" name="Login" time="13.714"/>
  <testcase classname="testNG.BasicClass2" name="Verify" time="5.822"/>
  <testcase classname="testNG.BasicClass3" name="Verify" time="4.932"/>
  <testcase classname="testNG.BasicClass" name="one" time="0.003"/>
  <testcase classname="testNG.BasicClass" name="three" time="0.001"/>
  <testcase classname="testNG.BasicClass" name="two" time="0.002"/>
</testsuite> <!-- Test -->
