<?xml version="1.0" encoding="UTF-8"?>
<testng-results ignored="0" total="3" passed="3" failed="0" skipped="0">
  <reporter-output>
  </reporter-output>
  <suite started-at="2022-08-04T18:37:13 IST" name="Default suite" finished-at="2022-08-04T18:37:13 IST" duration-ms="182">
    <groups>
    </groups>
    <test started-at="2022-08-04T18:37:13 IST" name="Default test" finished-at="2022-08-04T18:37:13 IST" duration-ms="182">
      <class name="testNG.Demo">
        <test-method is-config="true" signature="bTest()[pri:0, instance:testNG.Demo@7ce3cb8e]" started-at="2022-08-04T18:37:13 IST" name="bTest" finished-at="2022-08-04T18:37:13 IST" duration-ms="16" status="PASS">
          <reporter-output>
          </reporter-output>
        </test-method> <!-- bTest -->
        <test-method signature="one()[pri:1, instance:testNG.Demo@7ce3cb8e]" started-at="2022-08-04T18:37:13 IST" name="one" finished-at="2022-08-04T18:37:13 IST" duration-ms="21" status="PASS">
          <reporter-output>
          </reporter-output>
        </test-method> <!-- one -->
        <test-method signature="three()[pri:2, instance:testNG.Demo@7ce3cb8e]" started-at="2022-08-04T18:37:13 IST" name="three" finished-at="2022-08-04T18:37:13 IST" duration-ms="16" status="PASS">
          <reporter-output>
          </reporter-output>
        </test-method> <!-- three -->
        <test-method is-config="true" signature="bTest()[pri:0, instance:testNG.Demo@7ce3cb8e]" started-at="2022-08-04T18:37:13 IST" name="bTest" finished-at="2022-08-04T18:37:13 IST" duration-ms="0" status="PASS">
          <reporter-output>
          </reporter-output>
        </test-method> <!-- bTest -->
        <test-method is-config="true" signature="bTest()[pri:0, instance:testNG.Demo@7ce3cb8e]" started-at="2022-08-04T18:37:13 IST" name="bTest" finished-at="2022-08-04T18:37:13 IST" duration-ms="0" status="PASS">
          <reporter-output>
          </reporter-output>
        </test-method> <!-- bTest -->
        <test-method signature="two()[pri:3, instance:testNG.Demo@7ce3cb8e]" started-at="2022-08-04T18:37:13 IST" name="two" finished-at="2022-08-04T18:37:13 IST" duration-ms="3" status="PASS">
          <reporter-output>
          </reporter-output>
        </test-method> <!-- two -->
        <test-method is-config="true" signature="aTest()[pri:0, instance:testNG.Demo@7ce3cb8e]" started-at="2022-08-04T18:37:13 IST" name="aTest" finished-at="2022-08-04T18:37:13 IST" duration-ms="2" status="PASS">
          <reporter-output>
          </reporter-output>
        </test-method> <!-- aTest -->
      </class> <!-- testNG.Demo -->
    </test> <!-- Default test -->
  </suite> <!-- Default suite -->
</testng-results>
