<?xml version="1.0" encoding="UTF-8"?>
<!-- Generated by org.testng.reporters.JUnitXMLReporter -->
<testsuite ignored="0" hostname="DESKTOP-OQ9VIQI" failures="0" tests="7" name="Test" time="41.214" errors="0" timestamp="2022-08-06T21:19:50 IST">
  <testcase classname="testNG.BasicClass3" name="Login" time="14.192"/>
  <testcase classname="testNG.BasicClass3" name="Login" time="14.502"/>
  <testcase classname="testNG.BasicClass3" name="Login" time="8.985"/>
  <testcase classname="testNG.BasicClass3" name="Login" time="9.142"/>
  <testcase classname="testNG.BasicClass3" name="Login" time="11.368"/>
  <testcase classname="testNG.BasicClass3" name="Login" time="12.291"/>
  <testcase classname="testNG.BasicClass3" name="Verify" time="5.614"/>
</testsuite> <!-- Test -->
