<?xml version="1.0" encoding="UTF-8"?>
<!-- Generated by org.testng.reporters.JUnitXMLReporter -->
<testsuite ignored="0" hostname="DESKTOP-OQ9VIQI" failures="0" tests="7" name="Default test" time="60.51" errors="0" timestamp="2022-08-13T16:13:29 IST">
  <testcase classname="testNG.BasicClass3" name="Login" time="24.379"/>
  <testcase classname="testNG.BasicClass3" name="Login" time="30.607"/>
  <testcase classname="testNG.BasicClass3" name="Login" time="7.959"/>
  <testcase classname="testNG.BasicClass3" name="Login" time="14.652"/>
  <testcase classname="testNG.BasicClass3" name="Login" time="10.278"/>
  <testcase classname="testNG.BasicClass3" name="Login" time="14.144"/>
  <testcase classname="testNG.BasicClass3" name="Verify" time="7.64"/>
</testsuite> <!-- Default test -->
